Determining if the pthread_create exist failed with the following output:
Change Dir: /home/dhara/arm_ws/build/CMakeFiles/CMakeTmp

Run Build Command:"/usr/bin/make" "cmTC_00a07/fast"
/usr/bin/make -f CMakeFiles/cmTC_00a07.dir/build.make CMakeFiles/cmTC_00a07.dir/build
make[1]: Entering directory '/home/dhara/arm_ws/build/CMakeFiles/CMakeTmp'
Building C object CMakeFiles/cmTC_00a07.dir/CheckSymbolExists.c.o
/usr/bin/x86_64-linux-gnu-gcc-7    -o CMakeFiles/cmTC_00a07.dir/CheckSymbolExists.c.o   -c /home/dhara/arm_ws/build/CMakeFiles/CMakeTmp/CheckSymbolExists.c
Linking C executable cmTC_00a07
/usr/bin/cmake -E cmake_link_script CMakeFiles/cmTC_00a07.dir/link.txt --verbose=1
/usr/bin/x86_64-linux-gnu-gcc-7      -rdynamic CMakeFiles/cmTC_00a07.dir/CheckSymbolExists.c.o  -o cmTC_00a07 
CMakeFiles/cmTC_00a07.dir/CheckSymbolExists.c.o: In function `main':
CheckSymbolExists.c:(.text+0x1b): undefined reference to `pthread_create'
collect2: error: ld returned 1 exit status
CMakeFiles/cmTC_00a07.dir/build.make:97: recipe for target 'cmTC_00a07' failed
make[1]: *** [cmTC_00a07] Error 1
make[1]: Leaving directory '/home/dhara/arm_ws/build/CMakeFiles/CMakeTmp'
Makefile:126: recipe for target 'cmTC_00a07/fast' failed
make: *** [cmTC_00a07/fast] Error 2

File /home/dhara/arm_ws/build/CMakeFiles/CMakeTmp/CheckSymbolExists.c:
/* */
#include <pthread.h>

int main(int argc, char** argv)
{
  (void)argv;
#ifndef pthread_create
  return ((int*)(&pthread_create))[argc];
#else
  (void)argc;
  return 0;
#endif
}

Determining if the function pthread_create exists in the pthreads failed with the following output:
Change Dir: /home/dhara/arm_ws/build/CMakeFiles/CMakeTmp

Run Build Command:"/usr/bin/make" "cmTC_3d8ce/fast"
/usr/bin/make -f CMakeFiles/cmTC_3d8ce.dir/build.make CMakeFiles/cmTC_3d8ce.dir/build
make[1]: Entering directory '/home/dhara/arm_ws/build/CMakeFiles/CMakeTmp'
Building C object CMakeFiles/cmTC_3d8ce.dir/CheckFunctionExists.c.o
/usr/bin/x86_64-linux-gnu-gcc-7   -DCHECK_FUNCTION_EXISTS=pthread_create   -o CMakeFiles/cmTC_3d8ce.dir/CheckFunctionExists.c.o   -c /usr/share/cmake-3.10/Modules/CheckFunctionExists.c
Linking C executable cmTC_3d8ce
/usr/bin/cmake -E cmake_link_script CMakeFiles/cmTC_3d8ce.dir/link.txt --verbose=1
/usr/bin/x86_64-linux-gnu-gcc-7  -DCHECK_FUNCTION_EXISTS=pthread_create    -rdynamic CMakeFiles/cmTC_3d8ce.dir/CheckFunctionExists.c.o  -o cmTC_3d8ce -lpthreads 
/usr/bin/ld: cannot find -lpthreads
collect2: error: ld returned 1 exit status
CMakeFiles/cmTC_3d8ce.dir/build.make:97: recipe for target 'cmTC_3d8ce' failed
make[1]: *** [cmTC_3d8ce] Error 1
make[1]: Leaving directory '/home/dhara/arm_ws/build/CMakeFiles/CMakeTmp'
Makefile:126: recipe for target 'cmTC_3d8ce/fast' failed
make: *** [cmTC_3d8ce/fast] Error 2


Performing C SOURCE FILE Test CMAKE_HAVE_LIBC_PTHREAD failed with the following output:
Change Dir: /home/dhara/arm_ws/build/CMakeFiles/CMakeTmp

Run Build Command(s):/usr/bin/make -f Makefile cmTC_4fb59/fast && /usr/bin/make  -f CMakeFiles/cmTC_4fb59.dir/build.make CMakeFiles/cmTC_4fb59.dir/build
make[1]: Entering directory '/home/dhara/arm_ws/build/CMakeFiles/CMakeTmp'
Building C object CMakeFiles/cmTC_4fb59.dir/src.c.o
/usr/bin/x86_64-linux-gnu-gcc-7 -DCMAKE_HAVE_LIBC_PTHREAD   -o CMakeFiles/cmTC_4fb59.dir/src.c.o -c /home/dhara/arm_ws/build/CMakeFiles/CMakeTmp/src.c
Linking C executable cmTC_4fb59
/home/dhara/.local/lib/python3.6/site-packages/cmake/data/bin/cmake -E cmake_link_script CMakeFiles/cmTC_4fb59.dir/link.txt --verbose=1
/usr/bin/x86_64-linux-gnu-gcc-7 -rdynamic CMakeFiles/cmTC_4fb59.dir/src.c.o -o cmTC_4fb59 
CMakeFiles/cmTC_4fb59.dir/src.c.o: In function `main':
src.c:(.text+0x3e): undefined reference to `pthread_create'
src.c:(.text+0x4a): undefined reference to `pthread_detach'
src.c:(.text+0x56): undefined reference to `pthread_cancel'
src.c:(.text+0x67): undefined reference to `pthread_join'
src.c:(.text+0x7b): undefined reference to `pthread_atfork'
collect2: error: ld returned 1 exit status
CMakeFiles/cmTC_4fb59.dir/build.make:98: recipe for target 'cmTC_4fb59' failed
make[1]: *** [cmTC_4fb59] Error 1
make[1]: Leaving directory '/home/dhara/arm_ws/build/CMakeFiles/CMakeTmp'
Makefile:127: recipe for target 'cmTC_4fb59/fast' failed
make: *** [cmTC_4fb59/fast] Error 2


Source file was:
#include <pthread.h>

static void* test_func(void* data)
{
  return data;
}

int main(void)
{
  pthread_t thread;
  pthread_create(&thread, NULL, test_func, NULL);
  pthread_detach(thread);
  pthread_cancel(thread);
  pthread_join(thread, NULL);
  pthread_atfork(NULL, NULL, NULL);
  pthread_exit(NULL);

  return 0;
}

Determining if the function sgemm_ exists failed with the following output:
Change Dir: /home/dhara/arm_ws/build/CMakeFiles/CMakeTmp

Run Build Command(s):/usr/bin/make -f Makefile cmTC_90cff/fast && /usr/bin/make  -f CMakeFiles/cmTC_90cff.dir/build.make CMakeFiles/cmTC_90cff.dir/build
make[1]: Entering directory '/home/dhara/arm_ws/build/CMakeFiles/CMakeTmp'
Building C object CMakeFiles/cmTC_90cff.dir/CheckFunctionExists.c.o
/usr/bin/x86_64-linux-gnu-gcc-7   -DCHECK_FUNCTION_EXISTS=sgemm_ -o CMakeFiles/cmTC_90cff.dir/CheckFunctionExists.c.o -c /home/dhara/.local/lib/python3.6/site-packages/cmake/data/share/cmake-3.22/Modules/CheckFunctionExists.c
Linking C executable cmTC_90cff
/home/dhara/.local/lib/python3.6/site-packages/cmake/data/bin/cmake -E cmake_link_script CMakeFiles/cmTC_90cff.dir/link.txt --verbose=1
/usr/bin/x86_64-linux-gnu-gcc-7  -DCHECK_FUNCTION_EXISTS=sgemm_ -rdynamic CMakeFiles/cmTC_90cff.dir/CheckFunctionExists.c.o -o cmTC_90cff 
CMakeFiles/cmTC_90cff.dir/CheckFunctionExists.c.o: In function `main':
CheckFunctionExists.c:(.text+0x10): undefined reference to `sgemm_'
collect2: error: ld returned 1 exit status
CMakeFiles/cmTC_90cff.dir/build.make:98: recipe for target 'cmTC_90cff' failed
make[1]: *** [cmTC_90cff] Error 1
make[1]: Leaving directory '/home/dhara/arm_ws/build/CMakeFiles/CMakeTmp'
Makefile:127: recipe for target 'cmTC_90cff/fast' failed
make: *** [cmTC_90cff/fast] Error 2



Determining if the function cheev_ exists failed with the following output:
Change Dir: /home/dhara/arm_ws/build/CMakeFiles/CMakeTmp

Run Build Command(s):/usr/bin/make -f Makefile cmTC_0d18e/fast && /usr/bin/make  -f CMakeFiles/cmTC_0d18e.dir/build.make CMakeFiles/cmTC_0d18e.dir/build
make[1]: Entering directory '/home/dhara/arm_ws/build/CMakeFiles/CMakeTmp'
Building C object CMakeFiles/cmTC_0d18e.dir/CheckFunctionExists.c.o
/usr/bin/x86_64-linux-gnu-gcc-7   -DCHECK_FUNCTION_EXISTS=cheev_ -o CMakeFiles/cmTC_0d18e.dir/CheckFunctionExists.c.o -c /home/dhara/.local/lib/python3.6/site-packages/cmake/data/share/cmake-3.22/Modules/CheckFunctionExists.c
Linking C executable cmTC_0d18e
/home/dhara/.local/lib/python3.6/site-packages/cmake/data/bin/cmake -E cmake_link_script CMakeFiles/cmTC_0d18e.dir/link.txt --verbose=1
/usr/bin/x86_64-linux-gnu-gcc-7  -DCHECK_FUNCTION_EXISTS=cheev_ -rdynamic CMakeFiles/cmTC_0d18e.dir/CheckFunctionExists.c.o -o cmTC_0d18e  /usr/lib/x86_64-linux-gnu/libblas.so -lpthread -lm -ldl 
CMakeFiles/cmTC_0d18e.dir/CheckFunctionExists.c.o: In function `main':
CheckFunctionExists.c:(.text+0x10): undefined reference to `cheev_'
collect2: error: ld returned 1 exit status
CMakeFiles/cmTC_0d18e.dir/build.make:99: recipe for target 'cmTC_0d18e' failed
make[1]: *** [cmTC_0d18e] Error 1
make[1]: Leaving directory '/home/dhara/arm_ws/build/CMakeFiles/CMakeTmp'
Makefile:127: recipe for target 'cmTC_0d18e/fast' failed
make: *** [cmTC_0d18e/fast] Error 2



Determining if the function cheev_ exists failed with the following output:
Change Dir: /home/dhara/arm_ws/build/CMakeFiles/CMakeTmp

Run Build Command(s):/usr/bin/make -f Makefile cmTC_d8c92/fast && /usr/bin/make  -f CMakeFiles/cmTC_d8c92.dir/build.make CMakeFiles/cmTC_d8c92.dir/build
make[1]: Entering directory '/home/dhara/arm_ws/build/CMakeFiles/CMakeTmp'
Building C object CMakeFiles/cmTC_d8c92.dir/CheckFunctionExists.c.o
/usr/bin/x86_64-linux-gnu-gcc-7   -DCHECK_FUNCTION_EXISTS=cheev_ -o CMakeFiles/cmTC_d8c92.dir/CheckFunctionExists.c.o -c /home/dhara/.local/lib/python3.6/site-packages/cmake/data/share/cmake-3.22/Modules/CheckFunctionExists.c
Linking C executable cmTC_d8c92
/home/dhara/.local/lib/python3.6/site-packages/cmake/data/bin/cmake -E cmake_link_script CMakeFiles/cmTC_d8c92.dir/link.txt --verbose=1
/usr/bin/x86_64-linux-gnu-gcc-7  -DCHECK_FUNCTION_EXISTS=cheev_ -rdynamic CMakeFiles/cmTC_d8c92.dir/CheckFunctionExists.c.o -o cmTC_d8c92  /usr/lib/x86_64-linux-gnu/liblapack.so /usr/lib/x86_64-linux-gnu/libblas.so -fortranlibs 
x86_64-linux-gnu-gcc-7: error: unrecognized command line option ‘-fortranlibs’; did you mean ‘-fltrans’?
CMakeFiles/cmTC_d8c92.dir/build.make:100: recipe for target 'cmTC_d8c92' failed
make[1]: *** [cmTC_d8c92] Error 1
make[1]: Leaving directory '/home/dhara/arm_ws/build/CMakeFiles/CMakeTmp'
Makefile:127: recipe for target 'cmTC_d8c92/fast' failed
make: *** [cmTC_d8c92/fast] Error 2



